#
# There is insufficient memory for the Java Runtime Environment to continue.
# Native memory allocation (mmap) failed to map 34078720 bytes for committing reserved memory.
# Possible reasons:
#   The system is out of physical RAM or swap space
#   In 32 bit mode, the process size limit was hit
# Possible solutions:
#   Reduce memory load on the system
#   Increase physical memory or swap space
#   Check if swap backing store is full
#   Use 64 bit Java on a 64 bit OS
#   Decrease Java heap size (-Xmx/-Xms)
#   Decrease number of Java threads
#   Decrease Java thread stack sizes (-Xss)
#   Set larger code cache with -XX:ReservedCodeCacheSize=
# This output file may be truncated or incomplete.
#
#  Out of Memory Error (os_linux.cpp:2627), pid=12825, tid=139889598662400
#
# JRE version: Java(TM) SE Runtime Environment (8.0_60-b27) (build 1.8.0_60-b27)
# Java VM: Java HotSpot(TM) 64-Bit Server VM (25.60-b23 mixed mode linux-amd64 compressed oops)
# Failed to write core dump. Core dumps have been disabled. To enable core dumping, try "ulimit -c unlimited" before starting Java again
#

---------------  T H R E A D  ---------------

Current thread (0x00007f3aa8076800):  VMThread [stack: 0x00007f3a95c60000,0x00007f3a95d61000] [id=12835]

Stack: [0x00007f3a95c60000,0x00007f3a95d61000],  sp=0x00007f3a95d5f060,  free space=1020k
Native frames: (J=compiled Java code, j=interpreted, Vv=VM code, C=native code)
V  [libjvm.so+0xab97ea]  VMError::report_and_die()+0x2ba
V  [libjvm.so+0x4f9dab]  report_vm_out_of_memory(char const*, int, unsigned long, VMErrorType, char const*)+0x8b
V  [libjvm.so+0x91a7c3]  os::Linux::commit_memory_impl(char*, unsigned long, bool)+0x103
V  [libjvm.so+0x91ad19]  os::pd_commit_memory(char*, unsigned long, unsigned long, bool)+0x29
V  [libjvm.so+0x91502a]  os::commit_memory(char*, unsigned long, unsigned long, bool)+0x2a
V  [libjvm.so+0x9886d3]  PSVirtualSpace::expand_by(unsigned long)+0x53
V  [libjvm.so+0x989ad8]  PSYoungGen::resize_generation(unsigned long, unsigned long)+0xf8
V  [libjvm.so+0x988c32]  PSYoungGen::resize(unsigned long, unsigned long)+0x22
V  [libjvm.so+0x985f0b]  PSScavenge::invoke_no_policy()+0xf3b
V  [libjvm.so+0x986691]  PSScavenge::invoke()+0x41
V  [libjvm.so+0x93e430]  ParallelScavengeHeap::failed_mem_allocate(unsigned long)+0x70
V  [libjvm.so+0xabb207]  VM_ParallelGCFailedAllocation::doit()+0x97
V  [libjvm.so+0xac2c35]  VM_Operation::evaluate()+0x55
V  [libjvm.so+0xac100a]  VMThread::evaluate_operation(VM_Operation*)+0xba
V  [libjvm.so+0xac138e]  VMThread::loop()+0x1ce
V  [libjvm.so+0xac1800]  VMThread::run()+0x70
V  [libjvm.so+0x91cb88]  java_start(Thread*)+0x108

VM_Operation (0x00007f3a70b2d0d0): ParallelGCFailedAllocation, mode: safepoint, requested by thread 0x00007f3a44067000


---------------  P R O C E S S  ---------------

Java Threads: ( => current thread )
  0x00007f3a44067000 JavaThread "Timer-0" [_thread_blocked, id=13634, stack(0x00007f3a70a2e000,0x00007f3a70b2f000)]
  0x00007f3a44061800 JavaThread "TimerQueue" daemon [_thread_blocked, id=12851, stack(0x00007f3a43855000,0x00007f3a43956000)]
  0x00007f3aa8009000 JavaThread "DestroyJavaVM" [_thread_blocked, id=12830, stack(0x00007f3aafaae000,0x00007f3aafbaf000)]
  0x00007f3aa8301800 JavaThread "AWT-EventQueue-0" [_thread_blocked, id=12847, stack(0x00007f3a70b2f000,0x00007f3a70c30000)]
  0x00007f3aa8300000 JavaThread "AWT-Shutdown" [_thread_blocked, id=12846, stack(0x00007f3a70c30000,0x00007f3a70d31000)]
  0x00007f3aa82a0000 JavaThread "AWT-XAWT" daemon [_thread_blocked, id=12845, stack(0x00007f3a70f31000,0x00007f3a71032000)]
  0x00007f3aa8280000 JavaThread "Java2D Disposer" daemon [_thread_blocked, id=12844, stack(0x00007f3a9401e000,0x00007f3a9411f000)]
  0x00007f3aa80c7000 JavaThread "Service Thread" daemon [_thread_blocked, id=12842, stack(0x00007f3a95559000,0x00007f3a9565a000)]
  0x00007f3aa80b2800 JavaThread "C1 CompilerThread2" daemon [_thread_blocked, id=12841, stack(0x00007f3a9565a000,0x00007f3a9575b000)]
  0x00007f3aa80ae000 JavaThread "C2 CompilerThread1" daemon [_thread_blocked, id=12840, stack(0x00007f3a9575b000,0x00007f3a9585c000)]
  0x00007f3aa80ab000 JavaThread "C2 CompilerThread0" daemon [_thread_blocked, id=12839, stack(0x00007f3a9585c000,0x00007f3a9595d000)]
  0x00007f3aa80a9000 JavaThread "Signal Dispatcher" daemon [_thread_blocked, id=12838, stack(0x00007f3a9595d000,0x00007f3a95a5e000)]
  0x00007f3aa807d800 JavaThread "Finalizer" daemon [_thread_blocked, id=12837, stack(0x00007f3a95a5e000,0x00007f3a95b5f000)]
  0x00007f3aa807b800 JavaThread "Reference Handler" daemon [_thread_blocked, id=12836, stack(0x00007f3a95b5f000,0x00007f3a95c60000)]

Other Threads:
=>0x00007f3aa8076800 VMThread [stack: 0x00007f3a95c60000,0x00007f3a95d61000] [id=12835]
  0x00007f3aa80d2000 WatcherThread [stack: 0x00007f3a95458000,0x00007f3a95559000] [id=12843]

VM state:at safepoint (normal execution)

VM Mutex/Monitor currently owned by a thread:  ([mutex/lock_event])
[0x00007f3aa80063b0] Threads_lock - owner thread: 0x00007f3aa8076800
[0x00007f3aa80068b0] Heap_lock - owner thread: 0x00007f3a44067000

Heap:
 PSYoungGen      total 240128K, used 32648K [0x00000000ebe00000, 0x00000000fd900000, 0x0000000100000000)
  eden space 191488K, 0% used [0x00000000ebe00000,0x00000000ebe00000,0x00000000f7900000)
  from space 48640K, 67% used [0x00000000f7900000,0x00000000f98e2320,0x00000000fa880000)
  to   space 48640K, 0% used [0x00000000fa880000,0x00000000fa880000,0x00000000fd800000)
 ParOldGen       total 107520K, used 73529K [0x00000000c3a00000, 0x00000000ca300000, 0x00000000ebe00000)
  object space 107520K, 68% used [0x00000000c3a00000,0x00000000c81ce628,0x00000000ca300000)
 Metaspace       used 17401K, capacity 17602K, committed 17920K, reserved 1064960K
  class space    used 2163K, capacity 2258K, committed 2304K, reserved 1048576K

Card table byte_map: [0x00007f3aacccc000,0x00007f3aaceb0000] byte_map_base: 0x00007f3aac6af000

Marking Bits: (ParMarkBitMap*) 0x00007f3aaef8fde0
 Begin Bits: [0x00007f3a971d0000, 0x00007f3a980e8000)
 End Bits:   [0x00007f3a980e8000, 0x00007f3a99000000)

Polling page: 0x00007f3aafbcd000

CodeCache: size=245760Kb used=7993Kb max_used=8274Kb free=237766Kb
 bounds [0x00007f3a99000000, 0x00007f3a99840000, 0x00007f3aa8000000]
 total_blobs=2985 nmethods=2359 adapters=538
 compilation: enabled

Compilation events (10 events):
Event: 2257.030 Thread 0x00007f3aa80b2800 2523   !   3       sun.font.XRTextRenderer::drawGlyphList (565 bytes)
Event: 2257.035 Thread 0x00007f3aa80b2800 nmethod 2523 0x00007f3a993eb4d0 code [0x00007f3a993eba60, 0x00007f3a993ef418]
Event: 2257.051 Thread 0x00007f3aa80ab000 nmethod 2520 0x00007f3a9917f210 code [0x00007f3a9917f440, 0x00007f3a991802c0]
Event: 2258.376 Thread 0x00007f3aa80b2800 2525 %     3       org.jlab.hipo.io.HipoRecord::initFromBinary @ 270 (384 bytes)
Event: 2258.530 Thread 0x00007f3aa80b2800 nmethod 2525% 0x00007f3a9982a390 code [0x00007f3a9982ac80, 0x00007f3a99830d78]
Event: 2258.530 Thread 0x00007f3aa80b2800 2526       3       java.util.IdentityHashMap::clear (39 bytes)
Event: 2258.530 Thread 0x00007f3aa80b2800 nmethod 2526 0x00007f3a99273d50 code [0x00007f3a99273ec0, 0x00007f3a99274210]
Event: 2258.530 Thread 0x00007f3aa80b2800 2527       3       sun.font.CompositeGlyphMapper::charsToGlyphsNS (158 bytes)
Event: 2258.531 Thread 0x00007f3aa80b2800 nmethod 2527 0x00007f3a99193d50 code [0x00007f3a99193f20, 0x00007f3a99194658]
Event: 2260.087 Thread 0x00007f3aa80ae000 2528   !   4       javax.swing.JComponent::getClientProperty (56 bytes)

GC Heap History (10 events):
Event: 2257.257 GC heap after
Heap after GC invocations=18 (full 2):
 PSYoungGen      total 208896K, used 32584K [0x00000000ebe00000, 0x00000000fb980000, 0x0000000100000000)
  eden space 161280K, 0% used [0x00000000ebe00000,0x00000000ebe00000,0x00000000f5b80000)
  from space 47616K, 68% used [0x00000000f8a80000,0x00000000faa52320,0x00000000fb900000)
  to   space 48128K, 0% used [0x00000000f5b80000,0x00000000f5b80000,0x00000000f8a80000)
 ParOldGen       total 107520K, used 73529K [0x00000000c3a00000, 0x00000000ca300000, 0x00000000ebe00000)
  object space 107520K, 68% used [0x00000000c3a00000,0x00000000c81ce628,0x00000000ca300000)
 Metaspace       used 17390K, capacity 17602K, committed 17920K, reserved 1064960K
  class space    used 2163K, capacity 2258K, committed 2304K, reserved 1048576K
}
Event: 2257.614 GC heap before
{Heap before GC invocations=19 (full 2):
 PSYoungGen      total 208896K, used 193864K [0x00000000ebe00000, 0x00000000fb980000, 0x0000000100000000)
  eden space 161280K, 100% used [0x00000000ebe00000,0x00000000f5b80000,0x00000000f5b80000)
  from space 47616K, 68% used [0x00000000f8a80000,0x00000000faa52320,0x00000000fb900000)
  to   space 48128K, 0% used [0x00000000f5b80000,0x00000000f5b80000,0x00000000f8a80000)
 ParOldGen       total 107520K, used 73529K [0x00000000c3a00000, 0x00000000ca300000, 0x00000000ebe00000)
  object space 107520K, 68% used [0x00000000c3a00000,0x00000000c81ce628,0x00000000ca300000)
 Metaspace       used 17390K, capacity 17602K, committed 17920K, reserved 1064960K
  class space    used 2163K, capacity 2258K, committed 2304K, reserved 1048576K
Event: 2257.630 GC heap after
Heap after GC invocations=19 (full 2):
 PSYoungGen      total 209408K, used 32584K [0x00000000ebe00000, 0x00000000fc900000, 0x0000000100000000)
  eden space 161280K, 0% used [0x00000000ebe00000,0x00000000ebe00000,0x00000000f5b80000)
  from space 48128K, 67% used [0x00000000f5b80000,0x00000000f7b52320,0x00000000f8a80000)
  to   space 48640K, 0% used [0x00000000f9980000,0x00000000f9980000,0x00000000fc900000)
 ParOldGen       total 107520K, used 73529K [0x00000000c3a00000, 0x00000000ca300000, 0x00000000ebe00000)
  object space 107520K, 68% used [0x00000000c3a00000,0x00000000c81ce628,0x00000000ca300000)
 Metaspace       used 17390K, capacity 17602K, committed 17920K, reserved 1064960K
  class space    used 2163K, capacity 2258K, committed 2304K, reserved 1048576K
}
Event: 2257.962 GC heap before
{Heap before GC invocations=20 (full 2):
 PSYoungGen      total 209408K, used 193864K [0x00000000ebe00000, 0x00000000fc900000, 0x0000000100000000)
  eden space 161280K, 100% used [0x00000000ebe00000,0x00000000f5b80000,0x00000000f5b80000)
  from space 48128K, 67% used [0x00000000f5b80000,0x00000000f7b52320,0x00000000f8a80000)
  to   space 48640K, 0% used [0x00000000f9980000,0x00000000f9980000,0x00000000fc900000)
 ParOldGen       total 107520K, used 73529K [0x00000000c3a00000, 0x00000000ca300000, 0x00000000ebe00000)
  object space 107520K, 68% used [0x00000000c3a00000,0x00000000c81ce628,0x00000000ca300000)
 Metaspace       used 17390K, capacity 17602K, committed 17920K, reserved 1064960K
  class space    used 2163K, capacity 2258K, committed 2304K, reserved 1048576K
Event: 2257.976 GC heap after
Heap after GC invocations=20 (full 2):
 PSYoungGen      total 222720K, used 32648K [0x00000000ebe00000, 0x00000000fc800000, 0x0000000100000000)
  eden space 175104K, 0% used [0x00000000ebe00000,0x00000000ebe00000,0x00000000f6900000)
  from space 47616K, 68% used [0x00000000f9980000,0x00000000fb962320,0x00000000fc800000)
  to   space 48640K, 0% used [0x00000000f6900000,0x00000000f6900000,0x00000000f9880000)
 ParOldGen       total 107520K, used 73529K [0x00000000c3a00000, 0x00000000ca300000, 0x00000000ebe00000)
  object space 107520K, 68% used [0x00000000c3a00000,0x00000000c81ce628,0x00000000ca300000)
 Metaspace       used 17390K, capacity 17602K, committed 17920K, reserved 1064960K
  class space    used 2163K, capacity 2258K, committed 2304K, reserved 1048576K
}
Event: 2258.456 GC heap before
{Heap before GC invocations=21 (full 2):
 PSYoungGen      total 222720K, used 207752K [0x00000000ebe00000, 0x00000000fc800000, 0x0000000100000000)
  eden space 175104K, 100% used [0x00000000ebe00000,0x00000000f6900000,0x00000000f6900000)
  from space 47616K, 68% used [0x00000000f9980000,0x00000000fb962320,0x00000000fc800000)
  to   space 48640K, 0% used [0x00000000f6900000,0x00000000f6900000,0x00000000f9880000)
 ParOldGen       total 107520K, used 73529K [0x00000000c3a00000, 0x00000000ca300000, 0x00000000ebe00000)
  object space 107520K, 68% used [0x00000000c3a00000,0x00000000c81ce628,0x00000000ca300000)
 Metaspace       used 17391K, capacity 17602K, committed 17920K, reserved 1064960K
  class space    used 2163K, capacity 2258K, committed 2304K, reserved 1048576K
Event: 2258.514 GC heap after
Heap after GC invocations=21 (full 2):
 PSYoungGen      total 223744K, used 32616K [0x00000000ebe00000, 0x00000000fd800000, 0x0000000100000000)
  eden space 175104K, 0% used [0x00000000ebe00000,0x00000000ebe00000,0x00000000f6900000)
  from space 48640K, 67% used [0x00000000f6900000,0x00000000f88da320,0x00000000f9880000)
  to   space 48640K, 0% used [0x00000000fa880000,0x00000000fa880000,0x00000000fd800000)
 ParOldGen       total 107520K, used 73529K [0x00000000c3a00000, 0x00000000ca300000, 0x00000000ebe00000)
  object space 107520K, 68% used [0x00000000c3a00000,0x00000000c81ce628,0x00000000ca300000)
 Metaspace       used 17391K, capacity 17602K, committed 17920K, reserved 1064960K
  class space    used 2163K, capacity 2258K, committed 2304K, reserved 1048576K
}
Event: 2258.865 GC heap before
{Heap before GC invocations=22 (full 2):
 PSYoungGen      total 223744K, used 207720K [0x00000000ebe00000, 0x00000000fd800000, 0x0000000100000000)
  eden space 175104K, 100% used [0x00000000ebe00000,0x00000000f6900000,0x00000000f6900000)
  from space 48640K, 67% used [0x00000000f6900000,0x00000000f88da320,0x00000000f9880000)
  to   space 48640K, 0% used [0x00000000fa880000,0x00000000fa880000,0x00000000fd800000)
 ParOldGen       total 107520K, used 73529K [0x00000000c3a00000, 0x00000000ca300000, 0x00000000ebe00000)
  object space 107520K, 68% used [0x00000000c3a00000,0x00000000c81ce628,0x00000000ca300000)
 Metaspace       used 17401K, capacity 17602K, committed 17920K, reserved 1064960K
  class space    used 2163K, capacity 2258K, committed 2304K, reserved 1048576K
Event: 2258.897 GC heap after
Heap after GC invocations=22 (full 2):
 PSYoungGen      total 240128K, used 32648K [0x00000000ebe00000, 0x00000000fd900000, 0x0000000100000000)
  eden space 191488K, 0% used [0x00000000ebe00000,0x00000000ebe00000,0x00000000f7900000)
  from space 48640K, 67% used [0x00000000fa880000,0x00000000fc862320,0x00000000fd800000)
  to   space 48640K, 0% used [0x00000000f7900000,0x00000000f7900000,0x00000000fa880000)
 ParOldGen       total 107520K, used 73529K [0x00000000c3a00000, 0x00000000ca300000, 0x00000000ebe00000)
  object space 107520K, 68% used [0x00000000c3a00000,0x00000000c81ce628,0x00000000ca300000)
 Metaspace       used 17401K, capacity 17602K, committed 17920K, reserved 1064960K
  class space    used 2163K, capacity 2258K, committed 2304K, reserved 1048576K
}
Event: 2260.667 GC heap before
{Heap before GC invocations=23 (full 2):
 PSYoungGen      total 240128K, used 224136K [0x00000000ebe00000, 0x00000000fd900000, 0x0000000100000000)
  eden space 191488K, 100% used [0x00000000ebe00000,0x00000000f7900000,0x00000000f7900000)
  from space 48640K, 67% used [0x00000000fa880000,0x00000000fc862320,0x00000000fd800000)
  to   space 48640K, 0% used [0x00000000f7900000,0x00000000f7900000,0x00000000fa880000)
 ParOldGen       total 107520K, used 73529K [0x00000000c3a00000, 0x00000000ca300000, 0x00000000ebe00000)
  object space 107520K, 68% used [0x00000000c3a00000,0x00000000c81ce628,0x00000000ca300000)
 Metaspace       used 17401K, capacity 17602K, committed 17920K, reserved 1064960K
  class space    used 2163K, capacity 2258K, committed 2304K, reserved 1048576K

Deoptimization events (10 events):
Event: 2252.484 Thread 0x00007f3a44067000 Uncommon trap: reason=bimorphic action=maybe_recompile pc=0x00007f3a992c5c28 method=java.util.HashMap.putVal(ILjava/lang/Object;Ljava/lang/Object;ZZ)Ljava/lang/Object; @ 253
Event: 2252.484 Thread 0x00007f3a44067000 Uncommon trap: reason=bimorphic action=maybe_recompile pc=0x00007f3a992c5c28 method=java.util.HashMap.putVal(ILjava/lang/Object;Ljava/lang/Object;ZZ)Ljava/lang/Object; @ 253
Event: 2252.485 Thread 0x00007f3a44067000 Uncommon trap: reason=bimorphic action=maybe_recompile pc=0x00007f3a992c5c28 method=java.util.HashMap.putVal(ILjava/lang/Object;Ljava/lang/Object;ZZ)Ljava/lang/Object; @ 253
Event: 2252.485 Thread 0x00007f3a44067000 Uncommon trap: reason=bimorphic action=maybe_recompile pc=0x00007f3a992c5c28 method=java.util.HashMap.putVal(ILjava/lang/Object;Ljava/lang/Object;ZZ)Ljava/lang/Object; @ 253
Event: 2252.650 Thread 0x00007f3a44067000 Uncommon trap: reason=unstable_if action=reinterpret pc=0x00007f3a992eda70 method=java.util.HashMap.putVal(ILjava/lang/Object;Ljava/lang/Object;ZZ)Ljava/lang/Object; @ 162
Event: 2252.668 Thread 0x00007f3a44067000 Uncommon trap: reason=unstable_if action=reinterpret pc=0x00007f3a996491ac method=java.util.HashMap.putVal(ILjava/lang/Object;Ljava/lang/Object;ZZ)Ljava/lang/Object; @ 162
Event: 2252.801 Thread 0x00007f3a44067000 Uncommon trap: reason=unstable_if action=reinterpret pc=0x00007f3a996c12a8 method=java.util.HashMap.resize()[Ljava/util/HashMap$Node; @ 206
Event: 2252.837 Thread 0x00007f3a44067000 Uncommon trap: reason=unstable_if action=reinterpret pc=0x00007f3a9921e664 method=java.util.HashMap.getNode(ILjava/lang/Object;)Ljava/util/HashMap$Node; @ 84
Event: 2253.421 Thread 0x00007f3a44067000 Uncommon trap: reason=unstable_if action=reinterpret pc=0x00007f3a9977c3fc method=org.jlab.groot.math.Axis.getBin(D)I @ 20
Event: 2254.883 Thread 0x00007f3aa8301800 Uncommon trap: reason=null_check action=make_not_entrant pc=0x00007f3a99633150 method=java.lang.Class.reflectionData()Ljava/lang/Class$ReflectionData; @ 24

Internal exceptions (10 events):
Event: 0.211 Thread 0x00007f3aa8009000 Exception <a 'java/io/FileNotFoundException'> (0x00000000ec11d058) thrown at [/HUDSON/workspace/8-2-build-linux-amd64/jdk8u60/4407/hotspot/src/share/vm/prims/jni.cpp, line 709]
Event: 0.211 Thread 0x00007f3aa8009000 Exception <a 'java/io/FileNotFoundException'> (0x00000000ec11d9d8) thrown at [/HUDSON/workspace/8-2-build-linux-amd64/jdk8u60/4407/hotspot/src/share/vm/prims/jni.cpp, line 709]
Event: 1.229 Thread 0x00007f3aa8301800 Exception <a 'java/lang/UnsupportedOperationException': > (0x00000000ebf49bd0) thrown at [/HUDSON/workspace/8-2-build-linux-amd64/jdk8u60/4407/hotspot/src/share/vm/prims/jni.cpp, line 735]
Event: 4.436 Thread 0x00007f3aa8301800 Exception <a 'java/lang/UnsupportedOperationException': > (0x00000000ec1e3638) thrown at [/HUDSON/workspace/8-2-build-linux-amd64/jdk8u60/4407/hotspot/src/share/vm/prims/jni.cpp, line 735]
Event: 4.437 Thread 0x00007f3aa8301800 Implicit null exception at 0x00007f3a9942ee45 to 0x00007f3a9942ee99
Event: 4.438 Thread 0x00007f3a44061800 Implicit null exception at 0x00007f3a99373e83 to 0x00007f3a99373ed1
Event: 2252.661 Thread 0x00007f3a44067000 Exception <a 'java/lang/ArrayIndexOutOfBoundsException': 18> (0x00000000eccd9288) thrown at [/HUDSON/workspace/8-2-build-linux-amd64/jdk8u60/4407/hotspot/src/share/vm/interpreter/interpreterRuntime.cpp, line 366]
Event: 2252.661 Thread 0x00007f3a44067000 Exception <a 'java/lang/ArrayIndexOutOfBoundsException': 58> (0x00000000eccda0f8) thrown at [/HUDSON/workspace/8-2-build-linux-amd64/jdk8u60/4407/hotspot/src/share/vm/interpreter/interpreterRuntime.cpp, line 366]
Event: 2252.666 Thread 0x00007f3a44067000 Exception <a 'java/lang/ArrayIndexOutOfBoundsException': 40> (0x00000000eccdaf48) thrown at [/HUDSON/workspace/8-2-build-linux-amd64/jdk8u60/4407/hotspot/src/share/vm/interpreter/interpreterRuntime.cpp, line 366]
Event: 2254.883 Thread 0x00007f3aa8301800 Implicit null exception at 0x00007f3a9963251b to 0x00007f3a99633131

Events (10 events):
Event: 2257.257 Executing VM operation: ParallelGCFailedAllocation done
Event: 2257.614 Executing VM operation: ParallelGCFailedAllocation
Event: 2257.630 Executing VM operation: ParallelGCFailedAllocation done
Event: 2257.962 Executing VM operation: ParallelGCFailedAllocation
Event: 2257.976 Executing VM operation: ParallelGCFailedAllocation done
Event: 2258.454 Executing VM operation: ParallelGCFailedAllocation
Event: 2258.514 Executing VM operation: ParallelGCFailedAllocation done
Event: 2258.865 Executing VM operation: ParallelGCFailedAllocation
Event: 2258.897 Executing VM operation: ParallelGCFailedAllocation done
Event: 2260.123 Executing VM operation: ParallelGCFailedAllocation


Dynamic libraries:
00400000-00401000 r-xp 00000000 08:01 794434                             /usr/java/jre1.8.0_60/bin/java
00600000-00601000 rw-p 00000000 08:01 794434                             /usr/java/jre1.8.0_60/bin/java
010db000-010fc000 rw-p 00000000 00:00 0                                  [heap]
c3a00000-ca300000 rw-p 00000000 00:00 0 
ca300000-ebe00000 ---p 00000000 00:00 0 
ebe00000-fd900000 rw-p 00000000 00:00 0 
ff980000-100000000 ---p 00000000 00:00 0 
100000000-100240000 rw-p 00000000 00:00 0 
100240000-140000000 ---p 00000000 00:00 0 
7f3a34000000-7f3a34021000 rw-p 00000000 00:00 0 
7f3a34021000-7f3a38000000 ---p 00000000 00:00 0 
7f3a3c000000-7f3a3c021000 rw-p 00000000 00:00 0 
7f3a3c021000-7f3a40000000 ---p 00000000 00:00 0 
7f3a43347000-7f3a43354000 r-xp 00000000 00:24 228090                     /tmp/liblz4-java8280412610567922814.so
7f3a43354000-7f3a43553000 ---p 0000d000 00:24 228090                     /tmp/liblz4-java8280412610567922814.so
7f3a43553000-7f3a43554000 rw-p 0000c000 00:24 228090                     /tmp/liblz4-java8280412610567922814.so
7f3a43554000-7f3a43694000 rw-p 00000000 00:00 0 
7f3a43694000-7f3a43757000 ---p 00000000 00:00 0 
7f3a43757000-7f3a43855000 rw-p 00000000 00:00 0 
7f3a43855000-7f3a43858000 ---p 00000000 00:00 0 
7f3a43858000-7f3a43b56000 rw-p 00000000 00:00 0                          [stack:12851]
7f3a43b56000-7f3a43b5a000 rw-s 00000000 00:05 30605322                   /SYSV00000000 (deleted)
7f3a43b5a000-7f3a43b6f000 r--s 000ff000 08:01 796044                     /usr/java/jre1.8.0_60/lib/resources.jar
7f3a43b6f000-7f3a43b99000 r-xp 00000000 08:01 794671                     /usr/java/jre1.8.0_60/lib/amd64/libdcpr.so
7f3a43b99000-7f3a43d99000 ---p 0002a000 08:01 794671                     /usr/java/jre1.8.0_60/lib/amd64/libdcpr.so
7f3a43d99000-7f3a43d9c000 rw-p 0002a000 08:01 794671                     /usr/java/jre1.8.0_60/lib/amd64/libdcpr.so
7f3a43e86000-7f3a43e8a000 r--s 00086000 08:01 796045                     /usr/java/jre1.8.0_60/lib/jsse.jar
7f3a44000000-7f3a44097000 rw-p 00000000 00:00 0 
7f3a44097000-7f3a48000000 ---p 00000000 00:00 0 
7f3a48000000-7f3a485ae000 rw-p 00000000 00:00 0 
7f3a485ae000-7f3a4c000000 ---p 00000000 00:00 0 
7f3a4c000000-7f3a4c028000 rw-p 00000000 00:00 0 
7f3a4c028000-7f3a50000000 ---p 00000000 00:00 0 
7f3a50000000-7f3a50021000 rw-p 00000000 00:00 0 
7f3a50021000-7f3a54000000 ---p 00000000 00:00 0 
7f3a54000000-7f3a54021000 rw-p 00000000 00:00 0 
7f3a54021000-7f3a58000000 ---p 00000000 00:00 0 
7f3a58000000-7f3a58021000 rw-p 00000000 00:00 0 
7f3a58021000-7f3a5c000000 ---p 00000000 00:00 0 
7f3a5c000000-7f3a5c7ce000 rw-p 00000000 00:00 0 
7f3a5c7ce000-7f3a60000000 ---p 00000000 00:00 0 
7f3a60000000-7f3a60021000 rw-p 00000000 00:00 0 
7f3a60021000-7f3a64000000 ---p 00000000 00:00 0 
7f3a64000000-7f3a65611000 rw-p 00000000 00:00 0 
7f3a65611000-7f3a68000000 ---p 00000000 00:00 0 
7f3a68000000-7f3a69231000 rw-p 00000000 00:00 0 
7f3a69231000-7f3a6c000000 ---p 00000000 00:00 0 
7f3a6c000000-7f3a6c021000 rw-p 00000000 00:00 0 
7f3a6c021000-7f3a70000000 ---p 00000000 00:00 0 
7f3a70065000-7f3a70067000 r--s 00000000 08:01 2886939                    /var/cache/fontconfig/87f5e051180a7a75f16eb6fe7dbd3749-le64.cache-4
7f3a70067000-7f3a70072000 r--s 00000000 08:01 2884561                    /var/cache/fontconfig/b79f3aaa7d385a141ab53ec885cc22a8-le64.cache-4
7f3a70072000-7f3a70075000 r--s 00000000 08:01 2886970                    /var/cache/fontconfig/0b1bcc92b4d25cc154d77dafe3bceaa0-le64.cache-4
7f3a70075000-7f3a70077000 r--s 00000000 08:01 2883671                    /var/cache/fontconfig/2e1514a9fdd499050989183bb65136db-le64.cache-4
7f3a70077000-7f3a70079000 r--s 00000000 08:01 2886968                    /var/cache/fontconfig/3f821257dd33660ba7bbb45c32deb84c-le64.cache-4
7f3a70079000-7f3a7007a000 r--s 00000000 08:01 2886967                    /var/cache/fontconfig/4e602040080c966cb821813a3e584564-le64.cache-4
7f3a7007a000-7f3a7007b000 r--s 00000000 08:01 2884560                    /var/cache/fontconfig/81a173283b451552b599cfaafd6236bd-le64.cache-4
7f3a7007b000-7f3a7007c000 r--s 00000000 08:01 2886965                    /var/cache/fontconfig/ac68f755438cc3dc5a526084839fc7ca-le64.cache-4
7f3a7007c000-7f3a7007d000 r--s 00000000 08:01 2886964                    /var/cache/fontconfig/f951a6bc01c50d58ac4af16a0108457e-le64.cache-4
7f3a7007d000-7f3a7007e000 r--s 00000000 08:01 2886963                    /var/cache/fontconfig/8cab66d8f642305e525ba3e322d0979c-le64.cache-4
7f3a7007e000-7f3a7007f000 r--s 00000000 08:01 2886962                    /var/cache/fontconfig/12513961c6e7090f8648812f9eaf65d6-le64.cache-4
7f3a7007f000-7f3a70082000 r--s 00000000 08:01 2886961                    /var/cache/fontconfig/e26bf336397aae6fcef4d3803472adec-le64.cache-4
7f3a70082000-7f3a70083000 r--s 00000000 08:01 2886960                    /var/cache/fontconfig/17e60ccdf2eb53b214a9a5d6663eb217-le64.cache-4
7f3a70083000-7f3a70084000 r--s 00000000 08:01 2884236                    /var/cache/fontconfig/6fcb01a03a016cc71057b587cdea6709-le64.cache-4
7f3a70084000-7f3a70087000 r--s 00000000 08:01 2886958                    /var/cache/fontconfig/e0636055caa850f70f1a6db008fc4729-le64.cache-4
7f3a70087000-7f3a7008b000 r--s 00000000 08:01 2884139                    /var/cache/fontconfig/cfde08ab28ad1d91784abb10973575e3-le64.cache-4
7f3a7008b000-7f3a7008c000 r--s 00000000 08:01 2883669                    /var/cache/fontconfig/b887eea8f1b96e1d899b44ed6681fc27-le64.cache-4
7f3a7008c000-7f3a7008d000 r--s 00000000 08:01 2886956                    /var/cache/fontconfig/860639f272b8b4b3094f9e399e41bccd-le64.cache-4
7f3a7008d000-7f3a7008e000 r--s 00000000 08:01 2886955                    /var/cache/fontconfig/211368abcb0ff835c229ff05c9ec01dc-le64.cache-4
7f3a7008e000-7f3a7008f000 r--s 00000000 08:01 2886954                    /var/cache/fontconfig/c46020d7221988a13df853d2b46304fc-le64.cache-4
7f3a7008f000-7f3a70090000 r--s 00000000 08:01 2883670                    /var/cache/fontconfig/fa2b533b7056bdadb961f088bc0a978b-le64.cache-4
7f3a70090000-7f3a70091000 r--s 00000000 08:01 2886952                    /var/cache/fontconfig/df893b4576ad6107f9397134092c4059-le64.cache-4
7f3a70091000-7f3a70092000 r--s 00000000 08:01 2883665                    /var/cache/fontconfig/900402270e15d763a6e008bb2d4c7686-le64.cache-4
7f3a70092000-7f3a70093000 r--s 00000000 08:01 2883667                    /var/cache/fontconfig/47f48679023f44a4d1e44699a69464f6-le64.cache-4
7f3a70093000-7f3a70094000 r--s 00000000 08:01 2886949                    /var/cache/fontconfig/2881ed3fd21ca306ddad6f9b0dd3189f-le64.cache-4
7f3a70094000-7f3a70099000 r--s 00000000 08:01 2886946                    /var/cache/fontconfig/b67b32625a2bb51b023d3814a918f351-le64.cache-4
7f3a70099000-7f3a7009b000 r--s 00000000 08:01 2886945                    /var/cache/fontconfig/d3379abda271c4acd2ad0c01f565d0b0-le64.cache-4
7f3a7009b000-7f3a7009e000 r--s 00000000 08:01 2883668                    /var/cache/fontconfig/7ee6df7a8311986241317a58487e0145-le64.cache-4
7f3a7009e000-7f3a700a0000 r--s 00000000 08:01 2886942                    /var/cache/fontconfig/99a1ce9f8b6a0434aadb01d3779b0780-le64.cache-4
7f3a700a0000-7f3a700ab000 r--s 00000000 08:01 2886940                    /var/cache/fontconfig/12b26b760a24f8b4feb03ad48a333a72-le64.cache-4
7f3a70186000-7f3a701ef000 r-xp 00000000 08:01 794722                     /usr/java/jre1.8.0_60/lib/amd64/libt2k.so
7f3a701ef000-7f3a703ef000 ---p 00069000 08:01 794722                     /usr/java/jre1.8.0_60/lib/amd64/libt2k.so
7f3a703ef000-7f3a703f6000 rw-p 00069000 08:01 794722                     /usr/java/jre1.8.0_60/lib/amd64/libt2k.so
7f3a703f6000-7f3a70406000 rw-p 00000000 00:00 0 
7f3a70406000-7f3a70417000 r-xp 00000000 08:01 794711                     /usr/java/jre1.8.0_60/lib/amd64/libnio.so
7f3a70417000-7f3a70616000 ---p 00011000 08:01 794711                     /usr/java/jre1.8.0_60/lib/amd64/libnio.so
7f3a70616000-7f3a70617000 rw-p 00010000 08:01 794711                     /usr/java/jre1.8.0_60/lib/amd64/libnio.so
7f3a70617000-7f3a7062d000 r-xp 00000000 08:01 794710                     /usr/java/jre1.8.0_60/lib/amd64/libnet.so
7f3a7062d000-7f3a7082d000 ---p 00016000 08:01 794710                     /usr/java/jre1.8.0_60/lib/amd64/libnet.so
7f3a7082d000-7f3a7082e000 rw-p 00016000 08:01 794710                     /usr/java/jre1.8.0_60/lib/amd64/libnet.so
7f3a7082e000-7f3a70a2e000 rw-p 00000000 00:00 0 
7f3a70a2e000-7f3a70a31000 ---p 00000000 00:00 0 
7f3a70a31000-7f3a70b2f000 rw-p 00000000 00:00 0                          [stack:13634]
7f3a70b2f000-7f3a70b32000 ---p 00000000 00:00 0 
7f3a70b32000-7f3a70c30000 rw-p 00000000 00:00 0                          [stack:12847]
7f3a70c30000-7f3a70c33000 ---p 00000000 00:00 0 
7f3a70c33000-7f3a70f31000 rw-p 00000000 00:00 0                          [stack:12846]
7f3a70f31000-7f3a70f34000 ---p 00000000 00:00 0 
7f3a70f34000-7f3a71032000 rw-p 00000000 00:00 0                          [stack:12845]
7f3a71032000-7f3a71037000 r-xp 00000000 08:01 139358                     /usr/lib64/libXfixes.so.3.1.0
7f3a71037000-7f3a71236000 ---p 00005000 08:01 139358                     /usr/lib64/libXfixes.so.3.1.0
7f3a71236000-7f3a71237000 r--p 00004000 08:01 139358                     /usr/lib64/libXfixes.so.3.1.0
7f3a71237000-7f3a71238000 rw-p 00005000 08:01 139358                     /usr/lib64/libXfixes.so.3.1.0
7f3a71238000-7f3a71242000 r-xp 00000000 08:01 139353                     /usr/lib64/libXcursor.so.1.0.2
7f3a71242000-7f3a71441000 ---p 0000a000 08:01 139353                     /usr/lib64/libXcursor.so.1.0.2
7f3a71441000-7f3a71442000 r--p 00009000 08:01 139353                     /usr/lib64/libXcursor.so.1.0.2
7f3a71442000-7f3a71443000 rw-p 0000a000 08:01 139353                     /usr/lib64/libXcursor.so.1.0.2
7f3a71443000-7f3a71458000 r-xp 00000000 08:01 139826                     /usr/lib64/libgcc_s-4.8.3-20140911.so.1
7f3a71458000-7f3a71657000 ---p 00015000 08:01 139826                     /usr/lib64/libgcc_s-4.8.3-20140911.so.1
7f3a71657000-7f3a71658000 r--p 00014000 08:01 139826                     /usr/lib64/libgcc_s-4.8.3-20140911.so.1
7f3a71658000-7f3a71659000 rw-p 00015000 08:01 139826                     /usr/lib64/libgcc_s-4.8.3-20140911.so.1
7f3a71659000-7f3a716bf000 r-xp 00000000 08:01 794675                     /usr/java/jre1.8.0_60/lib/amd64/libfontmanager.so
7f3a716bf000-7f3a718be000 ---p 00066000 08:01 794675                     /usr/java/jre1.8.0_60/lib/amd64/libfontmanager.so
7f3a718be000-7f3a718c2000 rw-p 00065000 08:01 794675                     /usr/java/jre1.8.0_60/lib/amd64/libfontmanager.so
7f3a718c2000-7f3a718d3000 rw-p 00000000 00:00 0 
7f3a718d3000-7f3a718d5000 r-xp 00000000 08:01 139351                     /usr/lib64/libXau.so.6.0.0
7f3a718d5000-7f3a71ad5000 ---p 00002000 08:01 139351                     /usr/lib64/libXau.so.6.0.0
7f3a71ad5000-7f3a71ad6000 r--p 00002000 08:01 139351                     /usr/lib64/libXau.so.6.0.0
7f3a71ad6000-7f3a71ad7000 rw-p 00003000 08:01 139351                     /usr/lib64/libXau.so.6.0.0
7f3a71ad7000-7f3a78000000 r--p 00000000 08:01 140842                     /usr/lib/locale/locale-archive
7f3a78000000-7f3a78021000 rw-p 00000000 00:00 0 
7f3a78021000-7f3a7c000000 ---p 00000000 00:00 0 
7f3a7c000000-7f3a7c021000 rw-p 00000000 00:00 0 
7f3a7c021000-7f3a80000000 ---p 00000000 00:00 0 
7f3a80000000-7f3a80021000 rw-p 00000000 00:00 0 
7f3a80021000-7f3a84000000 ---p 00000000 00:00 0 
7f3a84000000-7f3a84293000 rw-p 00000000 00:00 0 
7f3a84293000-7f3a88000000 ---p 00000000 00:00 0 
7f3a88000000-7f3a88021000 rw-p 00000000 00:00 0 
7f3a88021000-7f3a8c000000 ---p 00000000 00:00 0 
7f3a8c000000-7f3a8c021000 rw-p 00000000 00:00 0 
7f3a8c021000-7f3a90000000 ---p 00000000 00:00 0 
7f3a90000000-7f3a90021000 rw-p 00000000 00:00 0 
7f3a90021000-7f3a94000000 ---p 00000000 00:00 0 
7f3a94000000-7f3a94001000 r--s 00000000 08:01 2886948                    /var/cache/fontconfig/3c3fb04d32a5211b073874b125d29701-le64.cache-4
7f3a94001000-7f3a94009000 r--s 00000000 08:01 2886937                    /var/cache/fontconfig/928306c3ad40271d946e41014a49fc28-le64.cache-4
7f3a94009000-7f3a9400d000 r--s 00000000 08:01 2884517                    /var/cache/fontconfig/beeeeb3dfe132a8a0633a017c99ce0c0-le64.cache-4
7f3a9401e000-7f3a94021000 ---p 00000000 00:00 0 
7f3a94021000-7f3a9411f000 rw-p 00000000 00:00 0                          [stack:12844]
7f3a9411f000-7f3a9413f000 r-xp 00000000 08:01 140210                     /usr/lib64/libxcb.so.1.1.0
7f3a9413f000-7f3a9433e000 ---p 00020000 08:01 140210                     /usr/lib64/libxcb.so.1.1.0
7f3a9433e000-7f3a9433f000 r--p 0001f000 08:01 140210                     /usr/lib64/libxcb.so.1.1.0
7f3a9433f000-7f3a94340000 rw-p 00020000 08:01 140210                     /usr/lib64/libxcb.so.1.1.0
7f3a94340000-7f3a9434f000 r-xp 00000000 08:01 138391                     /usr/lib64/libXi.so.6.1.0
7f3a9434f000-7f3a9454e000 ---p 0000f000 08:01 138391                     /usr/lib64/libXi.so.6.1.0
7f3a9454e000-7f3a9454f000 r--p 0000e000 08:01 138391                     /usr/lib64/libXi.so.6.1.0
7f3a9454f000-7f3a94550000 rw-p 0000f000 08:01 138391                     /usr/lib64/libXi.so.6.1.0
7f3a94550000-7f3a94555000 r-xp 00000000 08:01 139369                     /usr/lib64/libXtst.so.6.1.0
7f3a94555000-7f3a94754000 ---p 00005000 08:01 139369                     /usr/lib64/libXtst.so.6.1.0
7f3a94754000-7f3a94755000 r--p 00004000 08:01 139369                     /usr/lib64/libXtst.so.6.1.0
7f3a94755000-7f3a94756000 rw-p 00005000 08:01 139369                     /usr/lib64/libXtst.so.6.1.0
7f3a94756000-7f3a9475f000 r-xp 00000000 08:01 139367                     /usr/lib64/libXrender.so.1.3.0
7f3a9475f000-7f3a9495e000 ---p 00009000 08:01 139367                     /usr/lib64/libXrender.so.1.3.0
7f3a9495e000-7f3a9495f000 r--p 00008000 08:01 139367                     /usr/lib64/libXrender.so.1.3.0
7f3a9495f000-7f3a94960000 rw-p 00009000 08:01 139367                     /usr/lib64/libXrender.so.1.3.0
7f3a94960000-7f3a94a98000 r-xp 00000000 08:01 139349                     /usr/lib64/libX11.so.6.3.0
7f3a94a98000-7f3a94c98000 ---p 00138000 08:01 139349                     /usr/lib64/libX11.so.6.3.0
7f3a94c98000-7f3a94c99000 r--p 00138000 08:01 139349                     /usr/lib64/libX11.so.6.3.0
7f3a94c99000-7f3a94c9e000 rw-p 00139000 08:01 139349                     /usr/lib64/libX11.so.6.3.0
7f3a94c9e000-7f3a94caf000 r-xp 00000000 08:01 139357                     /usr/lib64/libXext.so.6.4.0
7f3a94caf000-7f3a94eae000 ---p 00011000 08:01 139357                     /usr/lib64/libXext.so.6.4.0
7f3a94eae000-7f3a94eaf000 r--p 00010000 08:01 139357                     /usr/lib64/libXext.so.6.4.0
7f3a94eaf000-7f3a94eb0000 rw-p 00011000 08:01 139357                     /usr/lib64/libXext.so.6.4.0
7f3a94eb0000-7f3a94eb1000 r--s 00000000 08:01 2886947                    /var/cache/fontconfig/e61abf8156cc476151baa07d67337cae-le64.cache-4
7f3a94eb1000-7f3a94eb3000 r--s 00000000 08:01 2884519                    /var/cache/fontconfig/f9d379b867d7c69c85310a4f24e5228f-le64.cache-4
7f3a94eca000-7f3a94ecb000 rw-p 00000000 00:00 0 
7f3a94ecb000-7f3a94f1f000 r-xp 00000000 08:01 794669                     /usr/java/jre1.8.0_60/lib/amd64/libawt_xawt.so
7f3a94f1f000-7f3a9511f000 ---p 00054000 08:01 794669                     /usr/java/jre1.8.0_60/lib/amd64/libawt_xawt.so
7f3a9511f000-7f3a95123000 rw-p 00054000 08:01 794669                     /usr/java/jre1.8.0_60/lib/amd64/libawt_xawt.so
7f3a95123000-7f3a95124000 rw-p 00000000 00:00 0 
7f3a95124000-7f3a951c6000 r-xp 00000000 08:01 794667                     /usr/java/jre1.8.0_60/lib/amd64/libawt.so
7f3a951c6000-7f3a953c6000 ---p 000a2000 08:01 794667                     /usr/java/jre1.8.0_60/lib/amd64/libawt.so
7f3a953c6000-7f3a953d2000 rw-p 000a2000 08:01 794667                     /usr/java/jre1.8.0_60/lib/amd64/libawt.so
7f3a953d2000-7f3a953f6000 rw-p 00000000 00:00 0 
7f3a953f6000-7f3a953fe000 r--s 0008a000 08:02 3408820                    /home/louise/.m2/repository/com/google/protobuf/protobuf-java/2.6.1/protobuf-java-2.6.1.jar
7f3a953fe000-7f3a95402000 r--s 00037000 08:02 3408817                    /home/louise/.m2/repository/org/zeromq/jeromq/0.3.5/jeromq-0.3.5.jar
7f3a95402000-7f3a95406000 r--s 0002c000 08:02 3408804                    /home/louise/.m2/repository/org/jlab/coda/xmsg/2.3-SNAPSHOT/xmsg-2.3-SNAPSHOT.jar
7f3a95406000-7f3a95458000 r--s 0090e000 08:02 3408793                    /home/louise/.m2/repository/org/jlab/coat/coat-libs/3.0-SNAPSHOT/coat-libs-3.0-SNAPSHOT.jar
7f3a95458000-7f3a95459000 ---p 00000000 00:00 0 
7f3a95459000-7f3a95559000 rw-p 00000000 00:00 0                          [stack:12843]
7f3a95559000-7f3a9555c000 ---p 00000000 00:00 0 
7f3a9555c000-7f3a9565a000 rw-p 00000000 00:00 0                          [stack:12842]
7f3a9565a000-7f3a9565d000 ---p 00000000 00:00 0 
7f3a9565d000-7f3a9575b000 rw-p 00000000 00:00 0                          [stack:12841]
7f3a9575b000-7f3a9575e000 ---p 00000000 00:00 0 
7f3a9575e000-7f3a9585c000 rw-p 00000000 00:00 0                          [stack:12840]
7f3a9585c000-7f3a9585f000 ---p 00000000 00:00 0 
7f3a9585f000-7f3a9595d000 rw-p 00000000 00:00 0                          [stack:12839]
7f3a9595d000-7f3a95960000 ---p 00000000 00:00 0 
7f3a95960000-7f3a95a5e000 rw-p 00000000 00:00 0                          [stack:12838]
7f3a95a5e000-7f3a95a61000 ---p 00000000 00:00 0 
7f3a95a61000-7f3a95b5f000 rw-p 00000000 00:00 0                          [stack:12837]
7f3a95b5f000-7f3a95b62000 ---p 00000000 00:00 0 
7f3a95b62000-7f3a95c60000 rw-p 00000000 00:00 0                          [stack:12836]
7f3a95c60000-7f3a95c61000 ---p 00000000 00:00 0 
7f3a95c61000-7f3a99000000 rw-p 00000000 00:00 0                          [stack:12835]
7f3a99000000-7f3a99840000 rwxp 00000000 00:00 0 
7f3a99840000-7f3aa8000000 ---p 00000000 00:00 0 
7f3aa8000000-7f3aa861f000 rw-p 00000000 00:00 0 
7f3aa861f000-7f3aac000000 ---p 00000000 00:00 0 
7f3aac000000-7f3aac001000 r--s 00000000 08:01 2886944                    /var/cache/fontconfig/b4d0b56f766d89640448751fcd18ec1e-le64.cache-4
7f3aac001000-7f3aac002000 r--s 00000000 08:01 2886936                    /var/cache/fontconfig/3640555adad8a8f6978400293cfce7ab-le64.cache-4
7f3aac002000-7f3aac003000 r--p 00000000 08:01 1182174                    /usr/share/locale/en_GB/LC_MESSAGES/libc.mo
7f3aac003000-7f3aac355000 rw-p 00000000 00:00 0 
7f3aac355000-7f3aac52d000 r--s 03428000 08:01 794743                     /usr/java/jre1.8.0_60/lib/rt.jar
7f3aac52d000-7f3aac786000 rw-p 00000000 00:00 0 
7f3aac786000-7f3aac787000 ---p 00000000 00:00 0 
7f3aac787000-7f3aac887000 rw-p 00000000 00:00 0                          [stack:12834]
7f3aac887000-7f3aac888000 ---p 00000000 00:00 0 
7f3aac888000-7f3aac988000 rw-p 00000000 00:00 0                          [stack:12833]
7f3aac988000-7f3aac989000 ---p 00000000 00:00 0 
7f3aac989000-7f3aaca89000 rw-p 00000000 00:00 0                          [stack:12832]
7f3aaca89000-7f3aaca8a000 ---p 00000000 00:00 0 
7f3aaca8a000-7f3aacbbf000 rw-p 00000000 00:00 0                          [stack:12831]
7f3aacbbf000-7f3aacccc000 ---p 00000000 00:00 0 
7f3aacccc000-7f3aacd01000 rw-p 00000000 00:00 0 
7f3aacd01000-7f3aace0e000 ---p 00000000 00:00 0 
7f3aace0e000-7f3aace9c000 rw-p 00000000 00:00 0 
7f3aace9c000-7f3aaceaf000 ---p 00000000 00:00 0 
7f3aaceaf000-7f3aaced1000 rw-p 00000000 00:00 0 
7f3aaced1000-7f3aad270000 ---p 00000000 00:00 0 
7f3aad270000-7f3aad28a000 r-xp 00000000 08:01 794725                     /usr/java/jre1.8.0_60/lib/amd64/libzip.so
7f3aad28a000-7f3aad48a000 ---p 0001a000 08:01 794725                     /usr/java/jre1.8.0_60/lib/amd64/libzip.so
7f3aad48a000-7f3aad48b000 rw-p 0001a000 08:01 794725                     /usr/java/jre1.8.0_60/lib/amd64/libzip.so
7f3aad48b000-7f3aad496000 r-xp 00000000 08:01 143182                     /usr/lib64/libnss_files-2.18.so
7f3aad496000-7f3aad695000 ---p 0000b000 08:01 143182                     /usr/lib64/libnss_files-2.18.so
7f3aad695000-7f3aad696000 r--p 0000a000 08:01 143182                     /usr/lib64/libnss_files-2.18.so
7f3aad696000-7f3aad697000 rw-p 0000b000 08:01 143182                     /usr/lib64/libnss_files-2.18.so
7f3aad697000-7f3aad6c1000 r-xp 00000000 08:01 794688                     /usr/java/jre1.8.0_60/lib/amd64/libjava.so
7f3aad6c1000-7f3aad8c1000 ---p 0002a000 08:01 794688                     /usr/java/jre1.8.0_60/lib/amd64/libjava.so
7f3aad8c1000-7f3aad8c3000 rw-p 0002a000 08:01 794688                     /usr/java/jre1.8.0_60/lib/amd64/libjava.so
7f3aad8c3000-7f3aad8d0000 r-xp 00000000 08:01 794724                     /usr/java/jre1.8.0_60/lib/amd64/libverify.so
7f3aad8d0000-7f3aadad0000 ---p 0000d000 08:01 794724                     /usr/java/jre1.8.0_60/lib/amd64/libverify.so
7f3aadad0000-7f3aadad2000 rw-p 0000d000 08:01 794724                     /usr/java/jre1.8.0_60/lib/amd64/libverify.so
7f3aadad2000-7f3aadad9000 r-xp 00000000 08:01 143185                     /usr/lib64/librt-2.18.so
7f3aadad9000-7f3aadcd8000 ---p 00007000 08:01 143185                     /usr/lib64/librt-2.18.so
7f3aadcd8000-7f3aadcd9000 r--p 00006000 08:01 143185                     /usr/lib64/librt-2.18.so
7f3aadcd9000-7f3aadcda000 rw-p 00007000 08:01 143185                     /usr/lib64/librt-2.18.so
7f3aadcda000-7f3aadddf000 r-xp 00000000 08:01 143179                     /usr/lib64/libm-2.18.so
7f3aadddf000-7f3aadfdf000 ---p 00105000 08:01 143179                     /usr/lib64/libm-2.18.so
7f3aadfdf000-7f3aadfe0000 r--p 00105000 08:01 143179                     /usr/lib64/libm-2.18.so
7f3aadfe0000-7f3aadfe1000 rw-p 00106000 08:01 143179                     /usr/lib64/libm-2.18.so
7f3aadfe1000-7f3aaec9f000 r-xp 00000000 08:01 794729                     /usr/java/jre1.8.0_60/lib/amd64/server/libjvm.so
7f3aaec9f000-7f3aaee9e000 ---p 00cbe000 08:01 794729                     /usr/java/jre1.8.0_60/lib/amd64/server/libjvm.so
7f3aaee9e000-7f3aaef76000 rw-p 00cbd000 08:01 794729                     /usr/java/jre1.8.0_60/lib/amd64/server/libjvm.so
7f3aaef76000-7f3aaefbb000 rw-p 00000000 00:00 0 
7f3aaefbb000-7f3aaf16f000 r-xp 00000000 08:01 139384                     /usr/lib64/libc-2.18.so
7f3aaf16f000-7f3aaf36e000 ---p 001b4000 08:01 139384                     /usr/lib64/libc-2.18.so
7f3aaf36e000-7f3aaf372000 r--p 001b3000 08:01 139384                     /usr/lib64/libc-2.18.so
7f3aaf372000-7f3aaf374000 rw-p 001b7000 08:01 139384                     /usr/lib64/libc-2.18.so
7f3aaf374000-7f3aaf379000 rw-p 00000000 00:00 0 
7f3aaf379000-7f3aaf37c000 r-xp 00000000 08:01 143178                     /usr/lib64/libdl-2.18.so
7f3aaf37c000-7f3aaf57b000 ---p 00003000 08:01 143178                     /usr/lib64/libdl-2.18.so
7f3aaf57b000-7f3aaf57c000 r--p 00002000 08:01 143178                     /usr/lib64/libdl-2.18.so
7f3aaf57c000-7f3aaf57d000 rw-p 00003000 08:01 143178                     /usr/lib64/libdl-2.18.so
7f3aaf57d000-7f3aaf592000 r-xp 00000000 08:01 794663                     /usr/java/jre1.8.0_60/lib/amd64/jli/libjli.so
7f3aaf592000-7f3aaf792000 ---p 00015000 08:01 794663                     /usr/java/jre1.8.0_60/lib/amd64/jli/libjli.so
7f3aaf792000-7f3aaf793000 rw-p 00015000 08:01 794663                     /usr/java/jre1.8.0_60/lib/amd64/jli/libjli.so
7f3aaf793000-7f3aaf7ab000 r-xp 00000000 08:01 139906                     /usr/lib64/libpthread-2.18.so
7f3aaf7ab000-7f3aaf9aa000 ---p 00018000 08:01 139906                     /usr/lib64/libpthread-2.18.so
7f3aaf9aa000-7f3aaf9ab000 r--p 00017000 08:01 139906                     /usr/lib64/libpthread-2.18.so
7f3aaf9ab000-7f3aaf9ac000 rw-p 00018000 08:01 139906                     /usr/lib64/libpthread-2.18.so
7f3aaf9ac000-7f3aaf9b0000 rw-p 00000000 00:00 0 
7f3aaf9b0000-7f3aaf9d0000 r-xp 00000000 08:01 140704                     /usr/lib64/ld-2.18.so
7f3aaf9d0000-7f3aaf9d6000 r--s 0003c000 08:02 3408814                    /home/louise/.m2/repository/org/yaml/snakeyaml/1.16/snakeyaml-1.16.jar
7f3aaf9d6000-7f3aafaae000 rw-p 00000000 00:00 0 
7f3aafaae000-7f3aafab1000 ---p 00000000 00:00 0 
7f3aafab1000-7f3aafbb3000 rw-p 00000000 00:00 0                          [stack:12830]
7f3aafbb3000-7f3aafbb6000 r--s 00006000 08:02 3408823                    /home/louise/.m2/repository/com/google/code/findbugs/jsr305/3.0.0/jsr305-3.0.0.jar
7f3aafbb6000-7f3aafbb8000 r--s 0000f000 08:02 3408811                    /home/louise/.m2/repository/net/sf/jopt-simple/jopt-simple/4.9/jopt-simple-4.9.jar
7f3aafbb8000-7f3aafbba000 r--s 0000b000 08:02 3408808                    /home/louise/.m2/repository/org/json/json/20160212/json-20160212.jar
7f3aafbba000-7f3aafbbf000 r--s 00033000 08:02 3408800                    /home/louise/.m2/repository/org/jlab/coda/jclara/4.3-SNAPSHOT/jclara-4.3-SNAPSHOT.jar
7f3aafbbf000-7f3aafbc4000 r--s 002ea000 08:01 795981                     /usr/java/jre1.8.0_60/lib/charsets.jar
7f3aafbc4000-7f3aafbcc000 rw-s 00000000 00:24 210192                     /tmp/hsperfdata_louise/12825
7f3aafbcc000-7f3aafbcd000 rw-p 00000000 00:00 0 
7f3aafbcd000-7f3aafbce000 ---p 00000000 00:00 0 
7f3aafbce000-7f3aafbcf000 rw-p 00000000 00:00 0 
7f3aafbcf000-7f3aafbd0000 r--p 0001f000 08:01 140704                     /usr/lib64/ld-2.18.so
7f3aafbd0000-7f3aafbd1000 rw-p 00020000 08:01 140704                     /usr/lib64/ld-2.18.so
7f3aafbd1000-7f3aafbd2000 rw-p 00000000 00:00 0 
7ffdeef8d000-7ffdeefae000 rw-p 00000000 00:00 0                          [stack]
7ffdeefe8000-7ffdeefea000 r--p 00000000 00:00 0                          [vvar]
7ffdeefea000-7ffdeefec000 r-xp 00000000 00:00 0                          [vdso]
ffffffffff600000-ffffffffff601000 r-xp 00000000 00:00 0                  [vsyscall]

VM Arguments:
jvm_args: -Dfile.encoding=UTF-8 
java_command: org.jlab.calib.services.TOFCalibration
java_class_path (initial): /home/louise/workspace/clascalib-services/target/classes:/home/louise/.m2/repository/org/jlab/coat/coat-libs/3.0-SNAPSHOT/coat-libs-3.0-SNAPSHOT.jar:/home/louise/.m2/repository/org/jlab/coda/jclara/4.3-SNAPSHOT/jclara-4.3-SNAPSHOT.jar:/home/louise/.m2/repository/org/json/json/20160212/json-20160212.jar:/home/louise/.m2/repository/net/sf/jopt-simple/jopt-simple/4.9/jopt-simple-4.9.jar:/home/louise/.m2/repository/org/yaml/snakeyaml/1.16/snakeyaml-1.16.jar:/home/louise/.m2/repository/org/jlab/coda/xmsg/2.3-SNAPSHOT/xmsg-2.3-SNAPSHOT.jar:/home/louise/.m2/repository/org/zeromq/jeromq/0.3.5/jeromq-0.3.5.jar:/home/louise/.m2/repository/com/google/protobuf/protobuf-java/2.6.1/protobuf-java-2.6.1.jar:/home/louise/.m2/repository/com/google/code/findbugs/jsr305/3.0.0/jsr305-3.0.0.jar
Launcher Type: SUN_STANDARD

Environment Variables:
PATH=/usr/lib64/qt-3.3/bin:/usr/local/bin:/usr/bin:/bin:/usr/local/sbin:/usr/sbin:/home/louise/.local/bin:/home/louise/bin
USERNAME=louise
SHELL=/bin/bash
DISPLAY=:0.0

Signal Handlers:
SIGSEGV: [libjvm.so+0xaba070], sa_mask[0]=11111111011111111101111111111110, sa_flags=SA_RESTART|SA_SIGINFO
SIGBUS: [libjvm.so+0xaba070], sa_mask[0]=11111111011111111101111111111110, sa_flags=SA_RESTART|SA_SIGINFO
SIGFPE: [libjvm.so+0x917630], sa_mask[0]=11111111011111111101111111111110, sa_flags=SA_RESTART|SA_SIGINFO
SIGPIPE: [libjvm.so+0x917630], sa_mask[0]=11111111011111111101111111111110, sa_flags=SA_RESTART|SA_SIGINFO
SIGXFSZ: [libjvm.so+0x917630], sa_mask[0]=11111111011111111101111111111110, sa_flags=SA_RESTART|SA_SIGINFO
SIGILL: [libjvm.so+0x917630], sa_mask[0]=11111111011111111101111111111110, sa_flags=SA_RESTART|SA_SIGINFO
SIGUSR1: SIG_DFL, sa_mask[0]=00000000000000000000000000000000, sa_flags=none
SIGUSR2: [libjvm.so+0x918c60], sa_mask[0]=00100000000000000000000000000000, sa_flags=SA_RESTART|SA_SIGINFO
SIGHUP: [libjvm.so+0x91a060], sa_mask[0]=11111111011111111101111111111110, sa_flags=SA_RESTART|SA_SIGINFO
SIGINT: [libjvm.so+0x91a060], sa_mask[0]=11111111011111111101111111111110, sa_flags=SA_RESTART|SA_SIGINFO
SIGTERM: [libjvm.so+0x91a060], sa_mask[0]=11111111011111111101111111111110, sa_flags=SA_RESTART|SA_SIGINFO
SIGQUIT: [libjvm.so+0x91a060], sa_mask[0]=11111111011111111101111111111110, sa_flags=SA_RESTART|SA_SIGINFO


---------------  S Y S T E M  ---------------

OS:Fedora release 20 (Heisenbug)

uname:Linux 3.19.5-100.fc20.x86_64 #1 SMP Mon Apr 20 19:51:16 UTC 2015 x86_64
libc:glibc 2.18 NPTL 2.18 
rlimit: STACK 8192k, CORE 0k, NPROC 1024, NOFILE 4096, AS infinity
load average:6.33 2.34 1.42

/proc/meminfo:
MemTotal:        3951456 kB
MemFree:          102480 kB
MemAvailable:      38924 kB
Buffers:             644 kB
Cached:           512232 kB
SwapCached:            0 kB
Active:          3198296 kB
Inactive:         461672 kB
Active(anon):    3197412 kB
Inactive(anon):   450856 kB
Active(file):        884 kB
Inactive(file):    10816 kB
Unevictable:          32 kB
Mlocked:              32 kB
SwapTotal:             0 kB
SwapFree:              0 kB
Dirty:                 4 kB
Writeback:             0 kB
AnonPages:       3147756 kB
Mapped:           260524 kB
Shmem:            500548 kB
Slab:              76284 kB
SReclaimable:      30108 kB
SUnreclaim:        46176 kB
KernelStack:        9072 kB
PageTables:        44660 kB
NFS_Unstable:          0 kB
Bounce:                0 kB
WritebackTmp:          0 kB
CommitLimit:     1975728 kB
Committed_AS:    8137628 kB
VmallocTotal:   34359738367 kB
VmallocUsed:      368828 kB
VmallocChunk:   34359331352 kB
HardwareCorrupted:     0 kB
AnonHugePages:         0 kB
HugePages_Total:       0
HugePages_Free:        0
HugePages_Rsvd:        0
HugePages_Surp:        0
Hugepagesize:       2048 kB
DirectMap4k:      155656 kB
DirectMap2M:     3942400 kB
DirectMap1G:           0 kB


CPU:total 4 (2 cores per cpu, 2 threads per core) family 6 model 69 stepping 1, cmov, cx8, fxsr, mmx, sse, sse2, sse3, ssse3, sse4.1, sse4.2, popcnt, avx, avx2, aes, clmul, erms, lzcnt, ht, tsc, tscinvbit, bmi1, bmi2

/proc/cpuinfo:
processor	: 0
vendor_id	: GenuineIntel
cpu family	: 6
model		: 69
model name	: Intel(R) Core(TM) i5-4200U CPU @ 1.60GHz
stepping	: 1
microcode	: 0x16
cpu MHz		: 2094.347
cache size	: 3072 KB
physical id	: 0
siblings	: 4
core id		: 0
cpu cores	: 2
apicid		: 0
initial apicid	: 0
fpu		: yes
fpu_exception	: yes
cpuid level	: 13
wp		: yes
flags		: fpu vme de pse tsc msr pae mce cx8 apic sep mtrr pge mca cmov pat pse36 clflush dts acpi mmx fxsr sse sse2 ss ht tm pbe syscall nx pdpe1gb rdtscp lm constant_tsc arch_perfmon pebs bts rep_good nopl xtopology nonstop_tsc aperfmperf eagerfpu pni pclmulqdq dtes64 monitor ds_cpl vmx est tm2 ssse3 fma cx16 xtpr pdcm pcid sse4_1 sse4_2 movbe popcnt tsc_deadline_timer aes xsave avx f16c rdrand lahf_lm abm ida arat epb pln pts dtherm tpr_shadow vnmi flexpriority ept vpid fsgsbase tsc_adjust bmi1 avx2 smep bmi2 erms invpcid xsaveopt
bugs		:
bogomips	: 4589.16
clflush size	: 64
cache_alignment	: 64
address sizes	: 39 bits physical, 48 bits virtual
power management:

processor	: 1
vendor_id	: GenuineIntel
cpu family	: 6
model		: 69
model name	: Intel(R) Core(TM) i5-4200U CPU @ 1.60GHz
stepping	: 1
microcode	: 0x16
cpu MHz		: 2300.000
cache size	: 3072 KB
physical id	: 0
siblings	: 4
core id		: 1
cpu cores	: 2
apicid		: 2
initial apicid	: 2
fpu		: yes
fpu_exception	: yes
cpuid level	: 13
wp		: yes
flags		: fpu vme de pse tsc msr pae mce cx8 apic sep mtrr pge mca cmov pat pse36 clflush dts acpi mmx fxsr sse sse2 ss ht tm pbe syscall nx pdpe1gb rdtscp lm constant_tsc arch_perfmon pebs bts rep_good nopl xtopology nonstop_tsc aperfmperf eagerfpu pni pclmulqdq dtes64 monitor ds_cpl vmx est tm2 ssse3 fma cx16 xtpr pdcm pcid sse4_1 sse4_2 movbe popcnt tsc_deadline_timer aes xsave avx f16c rdrand lahf_lm abm ida arat epb pln pts dtherm tpr_shadow vnmi flexpriority ept vpid fsgsbase tsc_adjust bmi1 avx2 smep bmi2 erms invpcid xsaveopt
bugs		:
bogomips	: 4589.16
clflush size	: 64
cache_alignment	: 64
address sizes	: 39 bits physical, 48 bits virtual
power management:

processor	: 2
vendor_id	: GenuineIntel
cpu family	: 6
model		: 69
model name	: Intel(R) Core(TM) i5-4200U CPU @ 1.60GHz
stepping	: 1
microcode	: 0x16
cpu MHz		: 2300.000
cache size	: 3072 KB
physical id	: 0
siblings	: 4
core id		: 0
cpu cores	: 2
apicid		: 1
initial apicid	: 1
fpu		: yes
fpu_exception	: yes
cpuid level	: 13
wp		: yes
flags		: fpu vme de pse tsc msr pae mce cx8 apic sep mtrr pge mca cmov pat pse36 clflush dts acpi mmx fxsr sse sse2 ss ht tm pbe syscall nx pdpe1gb rdtscp lm constant_tsc arch_perfmon pebs bts rep_good nopl xtopology nonstop_tsc aperfmperf eagerfpu pni pclmulqdq dtes64 monitor ds_cpl vmx est tm2 ssse3 fma cx16 xtpr pdcm pcid sse4_1 sse4_2 movbe popcnt tsc_deadline_timer aes xsave avx f16c rdrand lahf_lm abm ida arat epb pln pts dtherm tpr_shadow vnmi flexpriority ept vpid fsgsbase tsc_adjust bmi1 avx2 smep bmi2 erms invpcid xsaveopt
bugs		:
bogomips	: 4589.16
clflush size	: 64
cache_alignment	: 64
address sizes	: 39 bits physical, 48 bits virtual
power management:

processor	: 3
vendor_id	: GenuineIntel
cpu family	: 6
model		: 69
model name	: Intel(R) Core(TM) i5-4200U CPU @ 1.60GHz
stepping	: 1
microcode	: 0x16
cpu MHz		: 2300.000
cache size	: 3072 KB
physical id	: 0
siblings	: 4
core id		: 1
cpu cores	: 2
apicid		: 3
initial apicid	: 3
fpu		: yes
fpu_exception	: yes
cpuid level	: 13
wp		: yes
flags		: fpu vme de pse tsc msr pae mce cx8 apic sep mtrr pge mca cmov pat pse36 clflush dts acpi mmx fxsr sse sse2 ss ht tm pbe syscall nx pdpe1gb rdtscp lm constant_tsc arch_perfmon pebs bts rep_good nopl xtopology nonstop_tsc aperfmperf eagerfpu pni pclmulqdq dtes64 monitor ds_cpl vmx est tm2 ssse3 fma cx16 xtpr pdcm pcid sse4_1 sse4_2 movbe popcnt tsc_deadline_timer aes xsave avx f16c rdrand lahf_lm abm ida arat epb pln pts dtherm tpr_shadow vnmi flexpriority ept vpid fsgsbase tsc_adjust bmi1 avx2 smep bmi2 erms invpcid xsaveopt
bugs		:
bogomips	: 4589.16
clflush size	: 64
cache_alignment	: 64
address sizes	: 39 bits physical, 48 bits virtual
power management:



Memory: 4k page, physical 3951456k(102480k free), swap 0k(0k free)

vm_info: Java HotSpot(TM) 64-Bit Server VM (25.60-b23) for linux-amd64 JRE (1.8.0_60-b27), built on Aug  4 2015 12:19:40 by "java_re" with gcc 4.3.0 20080428 (Red Hat 4.3.0-8)

time: Fri Jul 22 15:35:47 2016
elapsed time: 2267 seconds (0d 0h 37m 47s)

